2025-07-02T14:10:33.886+05:30  INFO 14420 --- [emotion-music-backend] [main] c.emotionmusic.EmotionMusicApplication   : Starting EmotionMusicApplication v0.0.1-SNAPSHOT using Java 23.0.2 with PID 14420 (D:\project music\project clone\backend\target\emotion-music-backend-0.0.1-SNAPSHOT.jar started by suvar in D:\project music\project clone\backend)
2025-07-02T14:10:33.902+05:30 DEBUG 14420 --- [emotion-music-backend] [main] c.emotionmusic.EmotionMusicApplication   : Running with Spring Boot v3.2.0, Spring v6.1.1
2025-07-02T14:10:33.906+05:30  INFO 14420 --- [emotion-music-backend] [main] c.emotionmusic.EmotionMusicApplication   : No active profile set, falling back to 1 default profile: "default"
2025-07-02T14:10:36.077+05:30  INFO 14420 --- [emotion-music-backend] [main] .s.d.r.c.RepositoryConfigurationDelegate : Bootstrapping Spring Data JPA repositories in DEFAULT mode.
2025-07-02T14:10:36.200+05:30  INFO 14420 --- [emotion-music-backend] [main] .s.d.r.c.RepositoryConfigurationDelegate : Finished Spring Data repository scanning in 109 ms. Found 4 JPA repository interfaces.
2025-07-02T14:10:39.111+05:30  INFO 14420 --- [emotion-music-backend] [main] o.s.b.w.embedded.tomcat.TomcatWebServer  : Tomcat initialized with port 8080 (http)
2025-07-02T14:10:39.132+05:30  INFO 14420 --- [emotion-music-backend] [main] o.apache.catalina.core.StandardService   : Starting service [Tomcat]
2025-07-02T14:10:39.133+05:30  INFO 14420 --- [emotion-music-backend] [main] o.apache.catalina.core.StandardEngine    : Starting Servlet engine: [Apache Tomcat/10.1.16]
2025-07-02T14:10:39.255+05:30  INFO 14420 --- [emotion-music-backend] [main] o.a.c.c.C.[Tomcat].[localhost].[/api]    : Initializing Spring embedded WebApplicationContext
2025-07-02T14:10:39.257+05:30  INFO 14420 --- [emotion-music-backend] [main] w.s.c.ServletWebServerApplicationContext : Root WebApplicationContext: initialization completed in 5030 ms
2025-07-02T14:10:39.795+05:30 DEBUG 14420 --- [emotion-music-backend] [main] c.e.config.JwtAuthenticationFilter       : Filter 'jwtAuthenticationFilter' configured for use
2025-07-02T14:10:40.142+05:30  INFO 14420 --- [emotion-music-backend] [main] o.hibernate.jpa.internal.util.LogHelper  : HHH000204: Processing PersistenceUnitInfo [name: default]
2025-07-02T14:10:40.298+05:30  INFO 14420 --- [emotion-music-backend] [main] org.hibernate.Version                    : HHH000412: Hibernate ORM core version 6.3.1.Final
2025-07-02T14:10:40.392+05:30  INFO 14420 --- [emotion-music-backend] [main] o.h.c.internal.RegionFactoryInitiator    : HHH000026: Second-level cache disabled
2025-07-02T14:10:41.121+05:30  INFO 14420 --- [emotion-music-backend] [main] o.s.o.j.p.SpringPersistenceUnitInfo      : No LoadTimeWeaver setup: ignoring JPA class transformer
2025-07-02T14:10:41.194+05:30  INFO 14420 --- [emotion-music-backend] [main] com.zaxxer.hikari.HikariDataSource       : HikariPool-1 - Starting...
2025-07-02T14:10:42.175+05:30  INFO 14420 --- [emotion-music-backend] [main] com.zaxxer.hikari.pool.HikariPool        : HikariPool-1 - Added connection com.mysql.cj.jdbc.ConnectionImpl@5c9b5e62
2025-07-02T14:10:42.184+05:30  INFO 14420 --- [emotion-music-backend] [main] com.zaxxer.hikari.HikariDataSource       : HikariPool-1 - Start completed.
2025-07-02T14:10:42.378+05:30  WARN 14420 --- [emotion-music-backend] [main] org.hibernate.orm.deprecation            : HHH90000025: MySQL8Dialect does not need to be specified explicitly using 'hibernate.dialect' (remove the property setting and it will be selected by default)
2025-07-02T14:10:42.383+05:30  WARN 14420 --- [emotion-music-backend] [main] org.hibernate.orm.deprecation            : HHH90000026: MySQL8Dialect has been deprecated; use org.hibernate.dialect.MySQLDialect instead
2025-07-02T14:10:44.392+05:30  INFO 14420 --- [emotion-music-backend] [main] o.h.e.t.j.p.i.JtaPlatformInitiator       : HHH000489: No JTA platform available (set 'hibernate.transaction.jta.platform' to enable JTA platform integration)
2025-07-02T14:10:44.692+05:30  INFO 14420 --- [emotion-music-backend] [main] j.LocalContainerEntityManagerFactoryBean : Initialized JPA EntityManagerFactory for persistence unit 'default'
2025-07-02T14:10:45.872+05:30  INFO 14420 --- [emotion-music-backend] [main] o.s.d.j.r.query.QueryEnhancerFactory     : Hibernate is in classpath; If applicable, HQL parser will be used.
2025-07-02T14:10:47.377+05:30  WARN 14420 --- [emotion-music-backend] [main] JpaBaseConfiguration$JpaWebConfiguration : spring.jpa.open-in-view is enabled by default. Therefore, database queries may be performed during view rendering. Explicitly configure spring.jpa.open-in-view to disable this warning
2025-07-02T14:10:48.430+05:30  INFO 14420 --- [emotion-music-backend] [main] o.s.b.a.e.web.EndpointLinksResolver      : Exposing 1 endpoint(s) beneath base path '/actuator'
2025-07-02T14:10:48.572+05:30  INFO 14420 --- [emotion-music-backend] [main] o.s.s.web.DefaultSecurityFilterChain     : Will secure any request with [org.springframework.security.web.session.DisableEncodeUrlFilter@4dd2f2db, org.springframework.security.web.context.request.async.WebAsyncManagerIntegrationFilter@3f5fd883, org.springframework.security.web.context.SecurityContextHolderFilter@7fb689fe, org.springframework.security.web.header.HeaderWriterFilter@4e2783ee, org.springframework.web.filter.CorsFilter@7dd63fcc, org.springframework.security.web.authentication.logout.LogoutFilter@138f597, com.emotionmusic.config.JwtAuthenticationFilter@2a8f8555, org.springframework.security.web.savedrequest.RequestCacheAwareFilter@70027aec, org.springframework.security.web.servletapi.SecurityContextHolderAwareRequestFilter@7f210da5, org.springframework.security.web.authentication.AnonymousAuthenticationFilter@3bb04b53, org.springframework.security.web.session.SessionManagementFilter@1f96db42, org.springframework.security.web.access.ExceptionTranslationFilter@55a72c9e, org.springframework.security.web.access.intercept.AuthorizationFilter@27bf05af]
2025-07-02T14:10:49.573+05:30  INFO 14420 --- [emotion-music-backend] [main] o.s.b.w.embedded.tomcat.TomcatWebServer  : Tomcat started on port 8080 (http) with context path '/api'
2025-07-02T14:10:49.605+05:30  INFO 14420 --- [emotion-music-backend] [main] c.emotionmusic.EmotionMusicApplication   : Started EmotionMusicApplication in 16.856 seconds (process running for 18.036)
